2024-07-27 00:28:33 INFO  Log:12 - =====================================verifyLogo TEST START=========================================
2024-07-27 00:28:35 INFO  Log:17 - =====================================verifyLogo TEST END=========================================
2024-07-27 00:28:58 INFO  Log:12 - =====================================verifyTitle TEST START=========================================
2024-07-27 00:28:58 INFO  Log:17 - =====================================verifyTitle TEST END=========================================
2024-07-27 00:51:43 INFO  Log:12 - =====================================verifyLogo TEST START=========================================
2024-07-27 00:51:48 INFO  Log:17 - =====================================verifyLogo TEST END=========================================
2024-07-27 00:52:08 INFO  Log:12 - =====================================verifyTitle TEST START=========================================
2024-07-27 00:52:08 INFO  Log:17 - =====================================verifyTitle TEST END=========================================
2024-07-27 00:52:11 INFO  ExtentManager:56 - ExtentReports flushed successfully
2024-07-27 01:05:41 INFO  Log:12 - =====================================verifyLogo TEST START=========================================
2024-07-27 01:05:41 INFO  Log:17 - =====================================verifyLogo TEST END=========================================
2024-07-27 01:05:59 INFO  Log:12 - =====================================verifyTitle TEST START=========================================
2024-07-27 01:05:59 INFO  Log:17 - =====================================verifyTitle TEST END=========================================
2024-07-27 01:06:04 INFO  ExtentManager:56 - ExtentReports flushed successfully
2024-07-27 01:12:47 INFO  Log:12 - =====================================verifyLogo TEST START=========================================
2024-07-27 01:12:47 INFO  Log:17 - =====================================verifyLogo TEST END=========================================
2024-07-27 01:13:05 INFO  Log:12 - =====================================verifyTitle TEST START=========================================
2024-07-27 01:13:05 INFO  Log:17 - =====================================verifyTitle TEST END=========================================
2024-07-27 01:13:09 INFO  ExtentManager:56 - ExtentReports flushed successfully
2024-07-27 01:39:49 INFO  Log:12 - =====================================verifyLogo TEST START=========================================
2024-07-27 01:39:49 INFO  Log:17 - =====================================verifyLogo TEST END=========================================
2024-07-27 01:40:07 INFO  Log:12 - =====================================verifyTitle TEST START=========================================
2024-07-27 01:40:07 INFO  Log:17 - =====================================verifyTitle TEST END=========================================
2024-07-27 01:40:13 INFO  ExtentManager:56 - ExtentReports flushed successfully
2024-07-27 01:42:24 INFO  Log:12 - =====================================verifyLogo TEST START=========================================
2024-07-27 01:42:24 INFO  Log:17 - =====================================verifyLogo TEST END=========================================
2024-07-27 01:42:45 INFO  Log:12 - =====================================verifyTitle TEST START=========================================
2024-07-27 01:42:45 INFO  Log:17 - =====================================verifyTitle TEST END=========================================
2024-07-27 01:42:50 INFO  ExtentManager:56 - ExtentReports flushed successfully
2024-07-27 01:55:35 DEBUG PackageRelationshipCollection:307 - Parsing relationship: /xl/_rels/workbook.xml.rels
2024-07-27 01:55:36 DEBUG PackageRelationshipCollection:307 - Parsing relationship: /xl/worksheets/_rels/sheet1.xml.rels
2024-07-27 01:55:36 DEBUG PackageRelationshipCollection:307 - Parsing relationship: /xl/worksheets/_rels/sheet2.xml.rels
2024-07-27 01:55:36 DEBUG PackageRelationshipCollection:307 - Parsing relationship: /xl/worksheets/_rels/sheet3.xml.rels
2024-07-27 01:55:36 DEBUG PackageRelationshipCollection:307 - Parsing relationship: /xl/worksheets/_rels/sheet6.xml.rels
2024-07-27 01:55:36 DEBUG PackageRelationshipCollection:307 - Parsing relationship: /_rels/.rels
2024-07-27 01:55:37 DEBUG POIXMLFactory:65 - using default POIXMLDocumentPart for http://schemas.openxmlformats.org/officeDocument/2006/relationships/printerSettings
2024-07-27 01:55:37 DEBUG POIXMLFactory:65 - using default POIXMLDocumentPart for http://schemas.openxmlformats.org/officeDocument/2006/relationships/printerSettings
2024-07-27 01:55:37 DEBUG POIXMLFactory:65 - using default POIXMLDocumentPart for http://schemas.openxmlformats.org/officeDocument/2006/relationships/printerSettings
2024-07-27 01:55:53 INFO  Log:12 - =====================================wishListTest TEST START=========================================
2024-07-27 01:56:13 INFO  ExtentManager:56 - ExtentReports flushed successfully
2024-07-27 02:04:21 DEBUG PackageRelationshipCollection:307 - Parsing relationship: /xl/_rels/workbook.xml.rels
2024-07-27 02:04:21 DEBUG PackageRelationshipCollection:307 - Parsing relationship: /xl/worksheets/_rels/sheet1.xml.rels
2024-07-27 02:04:21 DEBUG PackageRelationshipCollection:307 - Parsing relationship: /xl/worksheets/_rels/sheet2.xml.rels
2024-07-27 02:04:21 DEBUG PackageRelationshipCollection:307 - Parsing relationship: /xl/worksheets/_rels/sheet3.xml.rels
2024-07-27 02:04:21 DEBUG PackageRelationshipCollection:307 - Parsing relationship: /xl/worksheets/_rels/sheet6.xml.rels
2024-07-27 02:04:21 DEBUG PackageRelationshipCollection:307 - Parsing relationship: /_rels/.rels
2024-07-27 02:04:22 DEBUG POIXMLFactory:65 - using default POIXMLDocumentPart for http://schemas.openxmlformats.org/officeDocument/2006/relationships/printerSettings
2024-07-27 02:04:22 DEBUG POIXMLFactory:65 - using default POIXMLDocumentPart for http://schemas.openxmlformats.org/officeDocument/2006/relationships/printerSettings
2024-07-27 02:04:22 DEBUG POIXMLFactory:65 - using default POIXMLDocumentPart for http://schemas.openxmlformats.org/officeDocument/2006/relationships/printerSettings
2024-07-27 02:04:40 INFO  Log:12 - =====================================createAccountTest TEST START=========================================
2024-07-27 02:05:09 INFO  Log:12 - =====================================createAccountTest TEST START=========================================
2024-07-27 02:05:35 INFO  Log:12 - =====================================createAccountTest TEST START=========================================
2024-07-27 02:05:44 DEBUG PackageRelationshipCollection:307 - Parsing relationship: /xl/_rels/workbook.xml.rels
2024-07-27 02:05:44 DEBUG PackageRelationshipCollection:307 - Parsing relationship: /xl/worksheets/_rels/sheet1.xml.rels
2024-07-27 02:05:44 DEBUG PackageRelationshipCollection:307 - Parsing relationship: /xl/worksheets/_rels/sheet2.xml.rels
2024-07-27 02:05:44 DEBUG PackageRelationshipCollection:307 - Parsing relationship: /xl/worksheets/_rels/sheet3.xml.rels
2024-07-27 02:05:44 DEBUG PackageRelationshipCollection:307 - Parsing relationship: /xl/worksheets/_rels/sheet6.xml.rels
2024-07-27 02:05:44 DEBUG PackageRelationshipCollection:307 - Parsing relationship: /_rels/.rels
2024-07-27 02:05:44 DEBUG POIXMLFactory:65 - using default POIXMLDocumentPart for http://schemas.openxmlformats.org/officeDocument/2006/relationships/printerSettings
2024-07-27 02:05:44 DEBUG POIXMLFactory:65 - using default POIXMLDocumentPart for http://schemas.openxmlformats.org/officeDocument/2006/relationships/printerSettings
2024-07-27 02:05:44 DEBUG POIXMLFactory:65 - using default POIXMLDocumentPart for http://schemas.openxmlformats.org/officeDocument/2006/relationships/printerSettings
2024-07-27 02:06:01 INFO  Log:12 - =====================================verifyCreateAccountPageTest TEST START=========================================
2024-07-27 02:06:09 INFO  Log:17 - =====================================verifyCreateAccountPageTest TEST END=========================================
2024-07-27 02:06:14 INFO  ExtentManager:56 - ExtentReports flushed successfully
2024-07-27 02:06:37 DEBUG PackageRelationshipCollection:307 - Parsing relationship: /xl/_rels/workbook.xml.rels
2024-07-27 02:06:37 DEBUG PackageRelationshipCollection:307 - Parsing relationship: /xl/worksheets/_rels/sheet1.xml.rels
2024-07-27 02:06:37 DEBUG PackageRelationshipCollection:307 - Parsing relationship: /xl/worksheets/_rels/sheet2.xml.rels
2024-07-27 02:06:37 DEBUG PackageRelationshipCollection:307 - Parsing relationship: /xl/worksheets/_rels/sheet3.xml.rels
2024-07-27 02:06:37 DEBUG PackageRelationshipCollection:307 - Parsing relationship: /xl/worksheets/_rels/sheet6.xml.rels
2024-07-27 02:06:37 DEBUG PackageRelationshipCollection:307 - Parsing relationship: /_rels/.rels
2024-07-27 02:06:37 DEBUG POIXMLFactory:65 - using default POIXMLDocumentPart for http://schemas.openxmlformats.org/officeDocument/2006/relationships/printerSettings
2024-07-27 02:06:37 DEBUG POIXMLFactory:65 - using default POIXMLDocumentPart for http://schemas.openxmlformats.org/officeDocument/2006/relationships/printerSettings
2024-07-27 02:06:37 DEBUG POIXMLFactory:65 - using default POIXMLDocumentPart for http://schemas.openxmlformats.org/officeDocument/2006/relationships/printerSettings
2024-07-27 02:06:54 INFO  Log:12 - =====================================createAccountTest TEST START=========================================
2024-07-27 02:07:23 INFO  Log:12 - =====================================createAccountTest TEST START=========================================
2024-07-27 02:07:52 INFO  Log:12 - =====================================createAccountTest TEST START=========================================
2024-07-27 02:08:07 INFO  ExtentManager:56 - ExtentReports flushed successfully
2024-07-27 02:09:33 DEBUG PackageRelationshipCollection:307 - Parsing relationship: /xl/_rels/workbook.xml.rels
2024-07-27 02:09:33 DEBUG PackageRelationshipCollection:307 - Parsing relationship: /xl/worksheets/_rels/sheet1.xml.rels
2024-07-27 02:09:33 DEBUG PackageRelationshipCollection:307 - Parsing relationship: /xl/worksheets/_rels/sheet2.xml.rels
2024-07-27 02:09:33 DEBUG PackageRelationshipCollection:307 - Parsing relationship: /xl/worksheets/_rels/sheet3.xml.rels
2024-07-27 02:09:33 DEBUG PackageRelationshipCollection:307 - Parsing relationship: /xl/worksheets/_rels/sheet6.xml.rels
2024-07-27 02:09:33 DEBUG PackageRelationshipCollection:307 - Parsing relationship: /_rels/.rels
2024-07-27 02:09:34 DEBUG POIXMLFactory:65 - using default POIXMLDocumentPart for http://schemas.openxmlformats.org/officeDocument/2006/relationships/printerSettings
2024-07-27 02:09:34 DEBUG POIXMLFactory:65 - using default POIXMLDocumentPart for http://schemas.openxmlformats.org/officeDocument/2006/relationships/printerSettings
2024-07-27 02:09:34 DEBUG POIXMLFactory:65 - using default POIXMLDocumentPart for http://schemas.openxmlformats.org/officeDocument/2006/relationships/printerSettings
2024-07-27 02:10:58 DEBUG PackageRelationshipCollection:307 - Parsing relationship: /xl/_rels/workbook.xml.rels
2024-07-27 02:10:58 DEBUG PackageRelationshipCollection:307 - Parsing relationship: /xl/worksheets/_rels/sheet1.xml.rels
2024-07-27 02:10:58 DEBUG PackageRelationshipCollection:307 - Parsing relationship: /xl/worksheets/_rels/sheet2.xml.rels
2024-07-27 02:10:58 DEBUG PackageRelationshipCollection:307 - Parsing relationship: /xl/worksheets/_rels/sheet3.xml.rels
2024-07-27 02:10:58 DEBUG PackageRelationshipCollection:307 - Parsing relationship: /xl/worksheets/_rels/sheet6.xml.rels
2024-07-27 02:10:58 DEBUG PackageRelationshipCollection:307 - Parsing relationship: /_rels/.rels
2024-07-27 02:10:58 DEBUG POIXMLFactory:65 - using default POIXMLDocumentPart for http://schemas.openxmlformats.org/officeDocument/2006/relationships/printerSettings
2024-07-27 02:10:58 DEBUG POIXMLFactory:65 - using default POIXMLDocumentPart for http://schemas.openxmlformats.org/officeDocument/2006/relationships/printerSettings
2024-07-27 02:10:58 DEBUG POIXMLFactory:65 - using default POIXMLDocumentPart for http://schemas.openxmlformats.org/officeDocument/2006/relationships/printerSettings
2024-07-27 02:11:15 INFO  Log:12 - =====================================loginTest TEST START=========================================
2024-07-27 02:11:15 INFO  Log:25 - user is going to click on SignIn
2024-07-27 02:11:16 INFO  Log:25 - Enter Username and Password
2024-07-27 02:11:19 INFO  Log:25 - Verifying if user is able to login
2024-07-27 02:11:23 INFO  ExtentManager:56 - ExtentReports flushed successfully
2024-07-27 02:13:54 DEBUG PackageRelationshipCollection:307 - Parsing relationship: /xl/_rels/workbook.xml.rels
2024-07-27 02:13:54 DEBUG PackageRelationshipCollection:307 - Parsing relationship: /xl/worksheets/_rels/sheet1.xml.rels
2024-07-27 02:13:54 DEBUG PackageRelationshipCollection:307 - Parsing relationship: /xl/worksheets/_rels/sheet2.xml.rels
2024-07-27 02:13:54 DEBUG PackageRelationshipCollection:307 - Parsing relationship: /xl/worksheets/_rels/sheet3.xml.rels
2024-07-27 02:13:54 DEBUG PackageRelationshipCollection:307 - Parsing relationship: /xl/worksheets/_rels/sheet6.xml.rels
2024-07-27 02:13:54 DEBUG PackageRelationshipCollection:307 - Parsing relationship: /_rels/.rels
2024-07-27 02:13:55 DEBUG POIXMLFactory:65 - using default POIXMLDocumentPart for http://schemas.openxmlformats.org/officeDocument/2006/relationships/printerSettings
2024-07-27 02:13:55 DEBUG POIXMLFactory:65 - using default POIXMLDocumentPart for http://schemas.openxmlformats.org/officeDocument/2006/relationships/printerSettings
2024-07-27 02:13:55 DEBUG POIXMLFactory:65 - using default POIXMLDocumentPart for http://schemas.openxmlformats.org/officeDocument/2006/relationships/printerSettings
2024-07-27 02:14:09 INFO  Log:12 - =====================================createAccountTest TEST START=========================================
2024-07-27 02:14:36 INFO  Log:12 - =====================================createAccountTest TEST START=========================================
2024-07-27 02:15:02 INFO  Log:12 - =====================================createAccountTest TEST START=========================================
2024-07-27 02:15:17 INFO  ExtentManager:56 - ExtentReports flushed successfully
2024-07-27 02:22:54 DEBUG PackageRelationshipCollection:307 - Parsing relationship: /xl/_rels/workbook.xml.rels
2024-07-27 02:22:54 DEBUG PackageRelationshipCollection:307 - Parsing relationship: /xl/worksheets/_rels/sheet1.xml.rels
2024-07-27 02:22:54 DEBUG PackageRelationshipCollection:307 - Parsing relationship: /xl/worksheets/_rels/sheet2.xml.rels
2024-07-27 02:22:54 DEBUG PackageRelationshipCollection:307 - Parsing relationship: /xl/worksheets/_rels/sheet3.xml.rels
2024-07-27 02:22:54 DEBUG PackageRelationshipCollection:307 - Parsing relationship: /xl/worksheets/_rels/sheet6.xml.rels
2024-07-27 02:22:55 DEBUG PackageRelationshipCollection:307 - Parsing relationship: /_rels/.rels
2024-07-27 02:22:55 DEBUG POIXMLFactory:65 - using default POIXMLDocumentPart for http://schemas.openxmlformats.org/officeDocument/2006/relationships/printerSettings
2024-07-27 02:22:55 DEBUG POIXMLFactory:65 - using default POIXMLDocumentPart for http://schemas.openxmlformats.org/officeDocument/2006/relationships/printerSettings
2024-07-27 02:22:55 DEBUG POIXMLFactory:65 - using default POIXMLDocumentPart for http://schemas.openxmlformats.org/officeDocument/2006/relationships/printerSettings
2024-07-27 02:23:14 INFO  Log:12 - =====================================createAccountTest TEST START=========================================
2024-07-27 02:23:38 INFO  Log:12 - =====================================createAccountTest TEST START=========================================
2024-07-27 02:23:55 INFO  Log:12 - =====================================createAccountTest TEST START=========================================
2024-07-27 02:24:00 INFO  ExtentManager:56 - ExtentReports flushed successfully
2024-07-27 02:38:12 DEBUG PackageRelationshipCollection:307 - Parsing relationship: /xl/_rels/workbook.xml.rels
2024-07-27 02:38:12 DEBUG PackageRelationshipCollection:307 - Parsing relationship: /xl/worksheets/_rels/sheet1.xml.rels
2024-07-27 02:38:12 DEBUG PackageRelationshipCollection:307 - Parsing relationship: /xl/worksheets/_rels/sheet2.xml.rels
2024-07-27 02:38:12 DEBUG PackageRelationshipCollection:307 - Parsing relationship: /xl/worksheets/_rels/sheet3.xml.rels
2024-07-27 02:38:12 DEBUG PackageRelationshipCollection:307 - Parsing relationship: /xl/worksheets/_rels/sheet6.xml.rels
2024-07-27 02:38:12 DEBUG PackageRelationshipCollection:307 - Parsing relationship: /_rels/.rels
2024-07-27 02:38:13 DEBUG POIXMLFactory:65 - using default POIXMLDocumentPart for http://schemas.openxmlformats.org/officeDocument/2006/relationships/printerSettings
2024-07-27 02:38:13 DEBUG POIXMLFactory:65 - using default POIXMLDocumentPart for http://schemas.openxmlformats.org/officeDocument/2006/relationships/printerSettings
2024-07-27 02:38:13 DEBUG POIXMLFactory:65 - using default POIXMLDocumentPart for http://schemas.openxmlformats.org/officeDocument/2006/relationships/printerSettings
2024-07-27 02:38:29 INFO  Log:12 - =====================================loginTest TEST START=========================================
2024-07-27 02:38:29 INFO  Log:25 - user is going to click on SignIn
2024-07-27 02:38:31 INFO  Log:25 - Enter Username and Password
2024-07-27 02:38:33 INFO  Log:25 - Verifying if user is able to login
2024-07-27 02:38:37 INFO  ExtentManager:56 - ExtentReports flushed successfully
2024-07-27 02:40:21 DEBUG PackageRelationshipCollection:307 - Parsing relationship: /xl/_rels/workbook.xml.rels
2024-07-27 02:40:21 DEBUG PackageRelationshipCollection:307 - Parsing relationship: /xl/worksheets/_rels/sheet1.xml.rels
2024-07-27 02:40:21 DEBUG PackageRelationshipCollection:307 - Parsing relationship: /xl/worksheets/_rels/sheet2.xml.rels
2024-07-27 02:40:21 DEBUG PackageRelationshipCollection:307 - Parsing relationship: /xl/worksheets/_rels/sheet3.xml.rels
2024-07-27 02:40:21 DEBUG PackageRelationshipCollection:307 - Parsing relationship: /xl/worksheets/_rels/sheet6.xml.rels
2024-07-27 02:40:21 DEBUG PackageRelationshipCollection:307 - Parsing relationship: /_rels/.rels
2024-07-27 02:40:23 DEBUG POIXMLFactory:65 - using default POIXMLDocumentPart for http://schemas.openxmlformats.org/officeDocument/2006/relationships/printerSettings
2024-07-27 02:40:23 DEBUG POIXMLFactory:65 - using default POIXMLDocumentPart for http://schemas.openxmlformats.org/officeDocument/2006/relationships/printerSettings
2024-07-27 02:40:23 DEBUG POIXMLFactory:65 - using default POIXMLDocumentPart for http://schemas.openxmlformats.org/officeDocument/2006/relationships/printerSettings
2024-07-27 02:40:38 INFO  Log:12 - =====================================loginTest TEST START=========================================
2024-07-27 02:40:38 INFO  Log:25 - user is going to click on SignIn
2024-07-27 02:40:39 INFO  Log:25 - Enter Username and Password
2024-07-27 02:40:42 INFO  Log:25 - Verifying if user is able to login
2024-07-27 02:40:42 INFO  Log:25 - Login is Sucess
2024-07-27 02:40:42 INFO  Log:17 - =====================================loginTest TEST END=========================================
2024-07-27 02:40:46 INFO  ExtentManager:56 - ExtentReports flushed successfully
2024-07-27 02:42:55 DEBUG PackageRelationshipCollection:307 - Parsing relationship: /xl/_rels/workbook.xml.rels
2024-07-27 02:42:55 DEBUG PackageRelationshipCollection:307 - Parsing relationship: /xl/worksheets/_rels/sheet1.xml.rels
2024-07-27 02:42:55 DEBUG PackageRelationshipCollection:307 - Parsing relationship: /xl/worksheets/_rels/sheet2.xml.rels
2024-07-27 02:42:55 DEBUG PackageRelationshipCollection:307 - Parsing relationship: /xl/worksheets/_rels/sheet3.xml.rels
2024-07-27 02:42:55 DEBUG PackageRelationshipCollection:307 - Parsing relationship: /xl/worksheets/_rels/sheet6.xml.rels
2024-07-27 02:42:55 DEBUG PackageRelationshipCollection:307 - Parsing relationship: /_rels/.rels
2024-07-27 02:42:56 DEBUG POIXMLFactory:65 - using default POIXMLDocumentPart for http://schemas.openxmlformats.org/officeDocument/2006/relationships/printerSettings
2024-07-27 02:42:56 DEBUG POIXMLFactory:65 - using default POIXMLDocumentPart for http://schemas.openxmlformats.org/officeDocument/2006/relationships/printerSettings
2024-07-27 02:42:56 DEBUG POIXMLFactory:65 - using default POIXMLDocumentPart for http://schemas.openxmlformats.org/officeDocument/2006/relationships/printerSettings
2024-07-27 02:43:11 INFO  Log:12 - =====================================verifyCreateAccountPageTest TEST START=========================================
2024-07-27 02:43:13 INFO  Log:17 - =====================================verifyCreateAccountPageTest TEST END=========================================
2024-07-27 02:43:17 INFO  ExtentManager:56 - ExtentReports flushed successfully
2024-07-27 02:43:29 DEBUG PackageRelationshipCollection:307 - Parsing relationship: /xl/_rels/workbook.xml.rels
2024-07-27 02:43:29 DEBUG PackageRelationshipCollection:307 - Parsing relationship: /xl/worksheets/_rels/sheet1.xml.rels
2024-07-27 02:43:29 DEBUG PackageRelationshipCollection:307 - Parsing relationship: /xl/worksheets/_rels/sheet2.xml.rels
2024-07-27 02:43:29 DEBUG PackageRelationshipCollection:307 - Parsing relationship: /xl/worksheets/_rels/sheet3.xml.rels
2024-07-27 02:43:29 DEBUG PackageRelationshipCollection:307 - Parsing relationship: /xl/worksheets/_rels/sheet6.xml.rels
2024-07-27 02:43:29 DEBUG PackageRelationshipCollection:307 - Parsing relationship: /_rels/.rels
2024-07-27 02:43:30 DEBUG POIXMLFactory:65 - using default POIXMLDocumentPart for http://schemas.openxmlformats.org/officeDocument/2006/relationships/printerSettings
2024-07-27 02:43:30 DEBUG POIXMLFactory:65 - using default POIXMLDocumentPart for http://schemas.openxmlformats.org/officeDocument/2006/relationships/printerSettings
2024-07-27 02:43:30 DEBUG POIXMLFactory:65 - using default POIXMLDocumentPart for http://schemas.openxmlformats.org/officeDocument/2006/relationships/printerSettings
2024-07-27 02:43:44 INFO  Log:12 - =====================================createAccountTest TEST START=========================================
2024-07-27 02:44:14 INFO  Log:12 - =====================================createAccountTest TEST START=========================================
2024-07-27 02:44:43 INFO  Log:12 - =====================================createAccountTest TEST START=========================================
2024-07-27 02:45:01 INFO  ExtentManager:56 - ExtentReports flushed successfully
2024-07-27 02:49:29 DEBUG PackageRelationshipCollection:307 - Parsing relationship: /xl/_rels/workbook.xml.rels
2024-07-27 02:49:29 DEBUG PackageRelationshipCollection:307 - Parsing relationship: /xl/worksheets/_rels/sheet1.xml.rels
2024-07-27 02:49:29 DEBUG PackageRelationshipCollection:307 - Parsing relationship: /xl/worksheets/_rels/sheet2.xml.rels
2024-07-27 02:49:29 DEBUG PackageRelationshipCollection:307 - Parsing relationship: /xl/worksheets/_rels/sheet3.xml.rels
2024-07-27 02:49:29 DEBUG PackageRelationshipCollection:307 - Parsing relationship: /xl/worksheets/_rels/sheet6.xml.rels
2024-07-27 02:49:29 DEBUG PackageRelationshipCollection:307 - Parsing relationship: /_rels/.rels
2024-07-27 02:49:30 DEBUG POIXMLFactory:65 - using default POIXMLDocumentPart for http://schemas.openxmlformats.org/officeDocument/2006/relationships/printerSettings
2024-07-27 02:49:30 DEBUG POIXMLFactory:65 - using default POIXMLDocumentPart for http://schemas.openxmlformats.org/officeDocument/2006/relationships/printerSettings
2024-07-27 02:49:30 DEBUG POIXMLFactory:65 - using default POIXMLDocumentPart for http://schemas.openxmlformats.org/officeDocument/2006/relationships/printerSettings
2024-07-27 02:49:44 INFO  Log:12 - =====================================productAvailabilityTest TEST START=========================================
2024-07-27 02:49:50 INFO  Log:17 - =====================================productAvailabilityTest TEST END=========================================
2024-07-27 02:50:09 INFO  ExtentManager:56 - ExtentReports flushed successfully
2024-07-27 02:51:21 DEBUG PackageRelationshipCollection:307 - Parsing relationship: /xl/_rels/workbook.xml.rels
2024-07-27 02:51:21 DEBUG PackageRelationshipCollection:307 - Parsing relationship: /xl/worksheets/_rels/sheet1.xml.rels
2024-07-27 02:51:21 DEBUG PackageRelationshipCollection:307 - Parsing relationship: /xl/worksheets/_rels/sheet2.xml.rels
2024-07-27 02:51:21 DEBUG PackageRelationshipCollection:307 - Parsing relationship: /xl/worksheets/_rels/sheet3.xml.rels
2024-07-27 02:51:21 DEBUG PackageRelationshipCollection:307 - Parsing relationship: /xl/worksheets/_rels/sheet6.xml.rels
2024-07-27 02:51:21 DEBUG PackageRelationshipCollection:307 - Parsing relationship: /_rels/.rels
2024-07-27 02:51:22 DEBUG POIXMLFactory:65 - using default POIXMLDocumentPart for http://schemas.openxmlformats.org/officeDocument/2006/relationships/printerSettings
2024-07-27 02:51:22 DEBUG POIXMLFactory:65 - using default POIXMLDocumentPart for http://schemas.openxmlformats.org/officeDocument/2006/relationships/printerSettings
2024-07-27 02:51:22 DEBUG POIXMLFactory:65 - using default POIXMLDocumentPart for http://schemas.openxmlformats.org/officeDocument/2006/relationships/printerSettings
2024-07-27 02:51:45 INFO  Log:12 - =====================================verifyTotalPrice TEST START=========================================
2024-07-27 02:52:05 INFO  ExtentManager:56 - ExtentReports flushed successfully
2024-07-27 02:54:03 DEBUG PackageRelationshipCollection:307 - Parsing relationship: /xl/_rels/workbook.xml.rels
2024-07-27 02:54:03 DEBUG PackageRelationshipCollection:307 - Parsing relationship: /xl/worksheets/_rels/sheet1.xml.rels
2024-07-27 02:54:03 DEBUG PackageRelationshipCollection:307 - Parsing relationship: /xl/worksheets/_rels/sheet2.xml.rels
2024-07-27 02:54:03 DEBUG PackageRelationshipCollection:307 - Parsing relationship: /xl/worksheets/_rels/sheet3.xml.rels
2024-07-27 02:54:03 DEBUG PackageRelationshipCollection:307 - Parsing relationship: /xl/worksheets/_rels/sheet6.xml.rels
2024-07-27 02:54:03 DEBUG PackageRelationshipCollection:307 - Parsing relationship: /_rels/.rels
2024-07-27 02:54:04 DEBUG POIXMLFactory:65 - using default POIXMLDocumentPart for http://schemas.openxmlformats.org/officeDocument/2006/relationships/printerSettings
2024-07-27 02:54:04 DEBUG POIXMLFactory:65 - using default POIXMLDocumentPart for http://schemas.openxmlformats.org/officeDocument/2006/relationships/printerSettings
2024-07-27 02:54:04 DEBUG POIXMLFactory:65 - using default POIXMLDocumentPart for http://schemas.openxmlformats.org/officeDocument/2006/relationships/printerSettings
2024-07-27 02:54:17 INFO  Log:12 - =====================================verifyTotalPrice TEST START=========================================
2024-07-27 02:54:57 INFO  ExtentManager:56 - ExtentReports flushed successfully
2024-07-27 03:04:47 DEBUG PackageRelationshipCollection:307 - Parsing relationship: /xl/_rels/workbook.xml.rels
2024-07-27 03:04:47 DEBUG PackageRelationshipCollection:307 - Parsing relationship: /xl/worksheets/_rels/sheet1.xml.rels
2024-07-27 03:04:47 DEBUG PackageRelationshipCollection:307 - Parsing relationship: /xl/worksheets/_rels/sheet2.xml.rels
2024-07-27 03:04:47 DEBUG PackageRelationshipCollection:307 - Parsing relationship: /xl/worksheets/_rels/sheet3.xml.rels
2024-07-27 03:04:47 DEBUG PackageRelationshipCollection:307 - Parsing relationship: /xl/worksheets/_rels/sheet6.xml.rels
2024-07-27 03:04:47 DEBUG PackageRelationshipCollection:307 - Parsing relationship: /_rels/.rels
2024-07-27 03:04:48 DEBUG POIXMLFactory:65 - using default POIXMLDocumentPart for http://schemas.openxmlformats.org/officeDocument/2006/relationships/printerSettings
2024-07-27 03:04:48 DEBUG POIXMLFactory:65 - using default POIXMLDocumentPart for http://schemas.openxmlformats.org/officeDocument/2006/relationships/printerSettings
2024-07-27 03:04:48 DEBUG POIXMLFactory:65 - using default POIXMLDocumentPart for http://schemas.openxmlformats.org/officeDocument/2006/relationships/printerSettings
2024-07-27 03:05:09 INFO  Log:12 - =====================================verifyTotalPrice TEST START=========================================
2024-07-27 03:06:20 INFO  ExtentManager:56 - ExtentReports flushed successfully
2024-07-27 03:07:35 DEBUG PackageRelationshipCollection:307 - Parsing relationship: /xl/_rels/workbook.xml.rels
2024-07-27 03:07:36 DEBUG PackageRelationshipCollection:307 - Parsing relationship: /xl/worksheets/_rels/sheet1.xml.rels
2024-07-27 03:07:36 DEBUG PackageRelationshipCollection:307 - Parsing relationship: /xl/worksheets/_rels/sheet2.xml.rels
2024-07-27 03:07:36 DEBUG PackageRelationshipCollection:307 - Parsing relationship: /xl/worksheets/_rels/sheet3.xml.rels
2024-07-27 03:07:36 DEBUG PackageRelationshipCollection:307 - Parsing relationship: /xl/worksheets/_rels/sheet6.xml.rels
2024-07-27 03:07:36 DEBUG PackageRelationshipCollection:307 - Parsing relationship: /_rels/.rels
2024-07-27 03:07:36 DEBUG POIXMLFactory:65 - using default POIXMLDocumentPart for http://schemas.openxmlformats.org/officeDocument/2006/relationships/printerSettings
2024-07-27 03:07:36 DEBUG POIXMLFactory:65 - using default POIXMLDocumentPart for http://schemas.openxmlformats.org/officeDocument/2006/relationships/printerSettings
2024-07-27 03:07:36 DEBUG POIXMLFactory:65 - using default POIXMLDocumentPart for http://schemas.openxmlformats.org/officeDocument/2006/relationships/printerSettings
2024-07-27 03:07:55 INFO  Log:12 - =====================================wishListTest TEST START=========================================
2024-07-27 03:08:19 INFO  ExtentManager:56 - ExtentReports flushed successfully
2024-07-27 03:20:48 DEBUG PackageRelationshipCollection:307 - Parsing relationship: /xl/_rels/workbook.xml.rels
2024-07-27 03:20:48 DEBUG PackageRelationshipCollection:307 - Parsing relationship: /xl/worksheets/_rels/sheet1.xml.rels
2024-07-27 03:20:48 DEBUG PackageRelationshipCollection:307 - Parsing relationship: /xl/worksheets/_rels/sheet2.xml.rels
2024-07-27 03:20:48 DEBUG PackageRelationshipCollection:307 - Parsing relationship: /xl/worksheets/_rels/sheet3.xml.rels
2024-07-27 03:20:48 DEBUG PackageRelationshipCollection:307 - Parsing relationship: /xl/worksheets/_rels/sheet6.xml.rels
2024-07-27 03:20:48 DEBUG PackageRelationshipCollection:307 - Parsing relationship: /_rels/.rels
2024-07-27 03:20:50 DEBUG POIXMLFactory:65 - using default POIXMLDocumentPart for http://schemas.openxmlformats.org/officeDocument/2006/relationships/printerSettings
2024-07-27 03:20:50 DEBUG POIXMLFactory:65 - using default POIXMLDocumentPart for http://schemas.openxmlformats.org/officeDocument/2006/relationships/printerSettings
2024-07-27 03:20:50 DEBUG POIXMLFactory:65 - using default POIXMLDocumentPart for http://schemas.openxmlformats.org/officeDocument/2006/relationships/printerSettings
2024-07-27 03:21:06 INFO  Log:12 - =====================================createAccountTest TEST START=========================================
2024-07-27 03:21:35 INFO  Log:12 - =====================================createAccountTest TEST START=========================================
2024-07-27 03:22:03 INFO  Log:12 - =====================================createAccountTest TEST START=========================================
2024-07-27 03:22:20 INFO  ExtentManager:56 - ExtentReports flushed successfully
2024-07-27 03:44:47 DEBUG PackageRelationshipCollection:307 - Parsing relationship: /xl/_rels/workbook.xml.rels
2024-07-27 03:44:47 DEBUG PackageRelationshipCollection:307 - Parsing relationship: /xl/worksheets/_rels/sheet1.xml.rels
2024-07-27 03:44:47 DEBUG PackageRelationshipCollection:307 - Parsing relationship: /xl/worksheets/_rels/sheet2.xml.rels
2024-07-27 03:44:47 DEBUG PackageRelationshipCollection:307 - Parsing relationship: /xl/worksheets/_rels/sheet3.xml.rels
2024-07-27 03:44:47 DEBUG PackageRelationshipCollection:307 - Parsing relationship: /xl/worksheets/_rels/sheet6.xml.rels
2024-07-27 03:44:47 DEBUG PackageRelationshipCollection:307 - Parsing relationship: /_rels/.rels
2024-07-27 03:44:48 DEBUG POIXMLFactory:65 - using default POIXMLDocumentPart for http://schemas.openxmlformats.org/officeDocument/2006/relationships/printerSettings
2024-07-27 03:44:48 DEBUG POIXMLFactory:65 - using default POIXMLDocumentPart for http://schemas.openxmlformats.org/officeDocument/2006/relationships/printerSettings
2024-07-27 03:44:48 DEBUG POIXMLFactory:65 - using default POIXMLDocumentPart for http://schemas.openxmlformats.org/officeDocument/2006/relationships/printerSettings
2024-07-27 03:45:04 INFO  Log:12 - =====================================createAccountTest TEST START=========================================
2024-07-27 03:45:34 INFO  Log:12 - =====================================createAccountTest TEST START=========================================
2024-07-27 03:46:04 INFO  Log:12 - =====================================createAccountTest TEST START=========================================
2024-07-27 03:46:23 INFO  ExtentManager:56 - ExtentReports flushed successfully
2024-07-27 03:49:22 DEBUG PackageRelationshipCollection:307 - Parsing relationship: /xl/_rels/workbook.xml.rels
2024-07-27 03:49:22 DEBUG PackageRelationshipCollection:307 - Parsing relationship: /xl/worksheets/_rels/sheet1.xml.rels
2024-07-27 03:49:22 DEBUG PackageRelationshipCollection:307 - Parsing relationship: /xl/worksheets/_rels/sheet2.xml.rels
2024-07-27 03:49:22 DEBUG PackageRelationshipCollection:307 - Parsing relationship: /xl/worksheets/_rels/sheet3.xml.rels
2024-07-27 03:49:22 DEBUG PackageRelationshipCollection:307 - Parsing relationship: /xl/worksheets/_rels/sheet6.xml.rels
2024-07-27 03:49:22 DEBUG PackageRelationshipCollection:307 - Parsing relationship: /_rels/.rels
2024-07-27 03:49:23 DEBUG POIXMLFactory:65 - using default POIXMLDocumentPart for http://schemas.openxmlformats.org/officeDocument/2006/relationships/printerSettings
2024-07-27 03:49:23 DEBUG POIXMLFactory:65 - using default POIXMLDocumentPart for http://schemas.openxmlformats.org/officeDocument/2006/relationships/printerSettings
2024-07-27 03:49:23 DEBUG POIXMLFactory:65 - using default POIXMLDocumentPart for http://schemas.openxmlformats.org/officeDocument/2006/relationships/printerSettings
2024-07-27 03:49:39 INFO  Log:12 - =====================================createAccountTest TEST START=========================================
2024-07-27 03:50:10 INFO  Log:12 - =====================================createAccountTest TEST START=========================================
2024-07-27 03:50:41 INFO  Log:12 - =====================================createAccountTest TEST START=========================================
2024-07-27 03:51:01 INFO  ExtentManager:56 - ExtentReports flushed successfully
